[90m16:37:04[0m [32mINF[0m [1mcompiling circuit[0m
[90m16:37:04[0m [32mINF[0m [1mparsed circuit inputs[0m [36mnbPublic=[0m0 [36mnbSecret=[0m39
[90m16:37:04[0m [32mINF[0m [1mbuilding constraint builder[0m [36mnbConstraints=[0m177
Circuit compiled in: 1.173375ms
number of constraints of EllCoeffsUniformCircuit 177
enter cond 1
RmRmid.X.A0 is  18528736859281679706684417452919286858295718521633505450870776116240527431823
Rout.X.A0 is  14024899360972212199964741853829302577255439937614651130767605328756707664992
ell is  13188206247088098867833871656907730280321993356924922046786596575165590764664
ell2 is  12240576313880752133456508568447388222795116075389647774345231976821008999045
bit is  1
[90m16:37:04[0m DBG constraint system solver done [36mnbConstraints=[0m177 [36mtook=[0m0.061125
[90m16:37:04[0m DBG [1mpairing_test.go:687[0m[36m >[0m Rmid.X.A0 in circuit is  18528736859281679706684417452919286858295718521633505450870776116240527431823
[90m16:37:04[0m DBG [1mpairing_test.go:688[0m[36m >[0m Rout.X.A0 is  14024899360972212199964741853829302577255439937614651130767605328756707664992
[90m16:37:04[0m DBG [1mpairing_test.go:690[0m[36m >[0m ell is  13188206247088098867833871656907730280321993356924922046786596575165590764664
[90m16:37:04[0m DBG [1mpairing_test.go:691[0m[36m >[0m ell2 is  12240576313880752133456508568447388222795116075389647774345231976821008999045
[90m16:37:04[0m DBG [1mpairing_test.go:692[0m[36m >[0m bit is  1
zlen is  197
Witness generated in: 206.875µs
z[ 0 ] is 1
z[ 1 ] is 12747940396278673928220073306535473102063480268686793433420232746634052352981
z[ 2 ] is 6962544324956923843541482658506088740162124940648178730010781909817723210981
z[ 3 ] is 15294139748295225788329469916803409948535314478835362639295739607062430826251
z[ 4 ] is 8951061474089074851475107026987954102072162617056286202887612807790228989801
z[ 5 ] is 1
z[ 6 ] is 0
z[ 7 ] is 12747940396278673928220073306535473102063480268686793433420232746634052352981
z[ 8 ] is 6962544324956923843541482658506088740162124940648178730010781909817723210981
z[ 9 ] is 15294139748295225788329469916803409948535314478835362639295739607062430826251
z[ 10 ] is 8951061474089074851475107026987954102072162617056286202887612807790228989801
z[ 11 ] is 12747940396278673928220073306535473102063480268686793433420232746634052352981
z[ 12 ] is 6962544324956923843541482658506088740162124940648178730010781909817723210981
z[ 13 ] is 6594103123544049433916935828453865140160996678462461023393298287582795382332
z[ 14 ] is 12937181397750200370771298718269320986624148540241537459801425086854997218782
z[ 15 ] is 1
z[ 16 ] is 18528736859281679706684417452919286858295718521633505450870776116240527431823
z[ 17 ] is 15917302021063119124542925802041223769875946040831651283557526077358243397803
z[ 18 ] is 4834777066085185580762267975884614287372142572213633031475757537652011117521
z[ 19 ] is 14585138940480284932846314504060668008934613111292964235439216023077396110916
z[ 20 ] is 2300949093196182244729817398653065440106675445200316420188903481727774013402
z[ 21 ] is 21208328171713149678509013365323237480055556187096587962742398171620529724964
z[ 22 ] is 14024899360972212199964741853829302577255439937614651130767605328756707664992
z[ 23 ] is 12499486078967038473162431911027921181410972432243618825854775780334443102683
z[ 24 ] is 20120200536507964911956180058723430709133894002720720310419699144178171950642
z[ 25 ] is 133627331191100464299641642800461434258446801499385439980005677104957397786
z[ 26 ] is 3177542286840810402192321522928700516621480096043083073486965172069504880767
z[ 27 ] is 21016014030674356993993427186425530332850698823684175458479688634969953668254
z[ 28 ] is 13188206247088098867833871656907730280321993356924922046786596575165590764664
z[ 29 ] is 3986119923661125519296191691281366884551985923185251256913812279064768228981
z[ 30 ] is 1568395996137656579758429197844639340708138745441319096691851805454259142098
z[ 31 ] is 17418496413704941541776635280590544336272937799016274897995360557049670575739
z[ 32 ] is 21627015226158688070673660971103494457950152215851182394217275262965795716316
z[ 33 ] is 16726980043171211219040627636136334424756120387073830324666727130348121374381
z[ 34 ] is 12240576313880752133456508568447388222795116075389647774345231976821008999045
z[ 35 ] is 10166268736178069918363530379187981420264311146415192936121236177642268263289
z[ 36 ] is 7412549267629997567662443112656467268680631198648357325288770129895095445047
z[ 37 ] is 6676497161524910434396104364967974106101097356145665095345085349511093046237
z[ 38 ] is 4837425239817510257392125652860414020252023146423502748476413809704295967516
z[ 39 ] is 262923544057198344279195816833382892379580838594437263956793820100723778939
z[ 40 ] is 6381052708826081457624181401768324362702242877227823160146942755485490724675
z[ 41 ] is 16094586640652883383174332799415880629653293765643959931360489997750460909958
z[ 42 ] is 9302303429706867358271490193096066420838538707999380978080575867103550214281
z[ 43 ] is 20762994535607669667137300016340945493345839767720369997107214452841337681090
z[ 44 ] is 14871654245429866600171725406256272636247905068126916466582174443779830223519
z[ 45 ] is 21817530959989040802265480084809155754218824190668582989483631606678705921882
z[ 46 ] is 1
z[ 47 ] is 1
z[ 48 ] is 0
z[ 49 ] is 3588668364858445280007236668151848328471860487610196693406805598610978687446
z[ 50 ] is 1683447998341767732337853749348542355925911711201994419795577868614239458856
z[ 51 ] is 21817530959989040802265480084809155754218824190668582989483631606678705921882
z[ 52 ] is 19711724238268752804536897738781977717758959327332076279171649762783053615317
z[ 53 ] is 7214178716206495575265414522266671359618679821403545506035240089458958235385
z[ 54 ] is 13987461008107035122761406704737549942281403958689047028034302119189280590880
z[ 55 ] is 8789151658828977260568901771593492376484241541449155843138072920217446573941
z[ 56 ] is 4625697965628139513803114599049760247031150826073796464110815414677404289471
z[ 57 ] is 10055440545971374354776791693500851092948082267235719407205002685389515728482
z[ 58 ] is 503596113425149996396336495540367471426202361797442267630835233043217172398
z[ 59 ] is 1557515475821855289268914073209215279922987421299648217472042635962750603209
z[ 60 ] is 4917021488379450804830902365547203510323580056963966429290304414367449379969
z[ 61 ] is 13920067003406426588761202424541927969234618484340614393315351918871847290862
z[ 62 ] is 2778218973146616268894569087941979300203164138678297222301283580429274156235
z[ 63 ] is 14232669648091135211053332395410637550581815889950433020108087854913597355747
z[ 64 ] is 21626085540293315359387252838985012026770483943691715736586479010236647651307
z[ 65 ] is 12303474666807811573927231308786057537758957179546633928361011107494559074164
z[ 66 ] is 10002525573611629329197413910132992097652281734346317508172107625766785060762
z[ 67 ] is 1
z[ 68 ] is 0
z[ 69 ] is 0
z[ 70 ] is 10944121435919637611123202872628637544348155578648911831344518947322613104292
z[ 71 ] is 19280510265706795332157721761683049738355512623022205926513399636705710497951
z[ 72 ] is 5133100248708391556670006990597744589686287963222783476246812965832163951683
z[ 73 ] is 14774016786832483630491701647313938122329825349658616782171323192930283597698
z[ 74 ] is 18916517649557733976834487497006280524769160152450427920000110035062451319684
z[ 75 ] is 9726822455036806171941500479312468405329063852138913624544682137382997308974
z[ 76 ] is 3438661909635878598713591594840569769828461405895055948019137997963478876196
z[ 77 ] is 17982701369400697453106686344730237563452611104696251084825838186407132940546
z[ 78 ] is 14889084397293814052552852307483776754649339770371205166298231766972113663880
z[ 79 ] is 2860766863996792464694846310861154721845252565677891942832628959982531506592
z[ 80 ] is 11792986368200479511662015836426806427503909796198802999009959023523058677964
z[ 81 ] is 2960425579625696167378697626005445393515142902496929770970604604153293652576
z[ 82 ] is 7997104138869094793162104786931951577101624459721271065549383618237922237174
z[ 83 ] is 21536934912032796310754860268644812376782457658791355539338453614216243921545
z[ 84 ] is 8030619843994416404835099527192810106191755962574846896357021494808130564786
z[ 85 ] is 9143406704079937464486935502526461899382352445233761058025085189777079329780
z[ 86 ] is 1463657867287108212432240830341820345572047602183061182082903189236257975482
z[ 87 ] is 13987132765698758312657181573974820891242058681805601875788527631636926441747
z[ 88 ] is 8056004070281160405833143636897957887765562495045638716186368055227129421941
z[ 89 ] is 17754377080510993474047064559905481908778733893640323920916046271696733567275
z[ 90 ] is 12221256202662689165464060691007468866538499963556680518640888328838281298259
z[ 91 ] is 12362249740828094274806886377079979217069209835291220792009312122905691682813
z[ 92 ] is 531170137029294502965391049115292039377459933697087656173290480089157967594
z[ 93 ] is 11972413145436871726007053368586974261959119298182971811887578961578324369243
z[ 94 ] is 19835756656303934748288717260014946773399990517866144343809011527466842912834
z[ 95 ] is 8480721895903363490393726592382595928660095180426323909528022337002221233441
z[ 96 ] is 1627673671565262961994113218929893889558149642077720063684034555446473323221
z[ 97 ] is 5516553639657546839929180373806776112835744590885174502684069061516737307199
z[ 98 ] is 16449299117665880338725656032750861030770700720218702499618152100483197415769
z[ 99 ] is 15605248885104953609988347147075511078051176012584576793948946170723568690813
z[ 100 ] is 21262171188528547798213639988486237680891188115969134585218319427260886932732
z[ 101 ] is 7120706237380895636912535214907957032946286290051954768560685856721680300480
z[ 102 ] is 5585238682693312133678917648334201152706689359854343023128500144233228860788
z[ 103 ] is 2407696395852501731486596125405500636085209263811259949641534972163723980021
z[ 104 ] is 3166822398014954217084980165216489986051632500492726686368305173521755696714
z[ 105 ] is 13986039738737520834253426826597560613279665780402028928052832776340508822207
z[ 106 ] is 7555433430401549939593297826665374439643634678346477634757624731654335353941
z[ 107 ] is 13121399784895380009078628499560869389380402675831904239443507518426850765710
z[ 108 ] is 5731956148377940162570583203127597206659674135508173130986105006668657158125
z[ 109 ] is 4138775079859479525302579856055825053275666179876124586167310771686779657375
z[ 110 ] is 2607732606132479890088683983574225350340798534275617736175638257939515710632
z[ 111 ] is 16755142623130883665576398754659530499010023194075040186442224928813062256900
z[ 112 ] is 7114226085006791591754704097943336966366485807639206880517714701714942610885
z[ 113 ] is 18916517649557733976834487497006280524769160152450427920000110035062451319684
z[ 114 ] is 9726822455036806171941500479312468405329063852138913624544682137382997308974
z[ 115 ] is 3438661909635878598713591594840569769828461405895055948019137997963478876196
z[ 116 ] is 9186230868908841623765351999671435148769914967590006876800720704446198422014
z[ 117 ] is 18510178694732227880663406405368605476246428648037911057948732532992445860157
z[ 118 ] is 10942453268904549102065923100993621570311514323400065772350444226850184056446
z[ 119 ] is 11792986368200479511662015836426806427503909796198802999009959023523058677964
z[ 120 ] is 2960425579625696167378697626005445393515142902496929770970604604153293652576
z[ 121 ] is 7997104138869094793162104786931951577101624459721271065549383618237922237174
z[ 122 ] is 21536934912032796310754860268644812376782457658791355539338453614216243921545
z[ 123 ] is 8030619843994416404835099527192810106191755962574846896357021494808130564786
z[ 124 ] is 9143406704079937464486935502526461899382352445233761058025085189777079329780
z[ 125 ] is 10122796787789097185140823665362402389937057134497319810019269394747443937473
z[ 126 ] is 20569296605160089378976658280104577095814873351099877326182640900943448304574
z[ 127 ] is 18766703499485262587701463387654804561025810000985669822951784893207781928248
z[ 128 ] is 17754377080510993474047064559905481908778733893640323920916046271696733567275
z[ 129 ] is 12221256202662689165464060691007468866538499963556680518640888328838281298259
z[ 130 ] is 12362249740828094274806886377079979217069209835291220792009312122905691682813
z[ 131 ] is 11886401831460360620301888587123054203894638999991693407083153570601425497465
z[ 132 ] is 20237661524415256522298195483057114110673084933111256731616659758321330611146
z[ 133 ] is 3897691936720507081335455740288493934535965980263291401668171297496741918094
z[ 134 ] is 8480721895903363490393726592382595928660095180426323909528022337002221233441
z[ 135 ] is 1627673671565262961994113218929893889558149642077720063684034555446473323221
z[ 136 ] is 5516553639657546839929180373806776112835744590885174502684069061516737307199
z[ 137 ] is 4037739383574785880834739039190965480784663040441865956661842831833639297939
z[ 138 ] is 20996681674514962862160091790191106441899473008364720478660069062428186949383
z[ 139 ] is 309716176837818359142611599500179383807825936202848511760918632620143551383
z[ 140 ] is 7120706237380895636912535214907957032946286290051954768560685856721680300480
z[ 141 ] is 5585238682693312133678917648334201152706689359854343023128500144233228860788
z[ 142 ] is 2407696395852501731486596125405500636085209263811259949641534972163723980021
z[ 143 ] is 7204026417242712802614763021306711884977679177120064952444395288802622129173
z[ 144 ] is 10899526712278870476723849599097407781270808726516948996294015369123971708597
z[ 145 ] is 20197181372201718772204887045989740555045682477735366256240787814340690011551
z[ 146 ] is 8766843086943895213167777245696405699315908481465919423245530376218375442873
z[ 147 ] is 16156286723461335059675822542129677882036637021789650531702932887976569050458
z[ 148 ] is 17749467791979795696943825889201450035420644977421699076521727122958446551208
z[ 149 ] is 17384405373529807715526730146167290807656032573278969342585867107161406441752
z[ 150 ] is 18470426929743194570865911854243972500231337548709791204986287597621425913463
z[ 151 ] is 0
z[ 152 ] is 0
z[ 153 ] is 15285423470422779331193912082838816421761751430507087278943941606526160833121
z[ 154 ] is 7436731262550090753699732883997068514020144847504244867229827548672787495453
z[ 155 ] is 0
z[ 156 ] is 0
z[ 157 ] is 876593193644628157462504124275635076514804650842766653298061690341730867365
z[ 158 ] is 21695928730800482537730819566359567941491453793885411158426328357994650151873
z[ 159 ] is 0
z[ 160 ] is 0
z[ 161 ] is 20940612938631928487869042656796933031169433875762549390247673296300644442964
z[ 162 ] is 6180148812516944399067338687906614535712325223229941679207423898577500034308
z[ 163 ] is 5844153271492340987904013914811827927972492453207038228596918324440836302949
z[ 164 ] is 11146243619659244114865874829634704858524470714427213860038762687106648679081
z[ 165 ] is 5098652885498097408964870427014194650998182087870144016948176441383726459783
z[ 166 ] is 5424186372725262347484973925954323556319771608818430601979104584397828613141
z[ 167 ] is 0
z[ 168 ] is 0
z[ 169 ] is 0
z[ 170 ] is 0
z[ 171 ] is 0
z[ 172 ] is 0
z[ 173 ] is 21200931738812739454284460672277346047585637274129904168461085187581725842987
z[ 174 ] is 7115328088094942990500299158290562725154438231488530198082701313546221841183
z[ 175 ] is 14611826973001827064469474910134983992153866724988032600905225426157517458103
z[ 176 ] is 21200931738812739454284460672277346047585637274129904168461085187581725842987
z[ 177 ] is 7115328088094942990500299158290562725154438231488530198082701313546221841183
z[ 178 ] is 14611826973001827064469474910134983992153866724988032600905225426157517458103
z[ 179 ] is 19396356743929951046956760886944248996191862954951575879734271554281771324148
z[ 180 ] is 16980115646137042959475189065884319992604558709918505167494204651328852886787
z[ 181 ] is 15506832520428394418749245605386394147405503913625964506861436858971962494281
z[ 182 ] is 19396356743929951046956760886944248996191862954951575879734271554281771324148
z[ 183 ] is 16980115646137042959475189065884319992604558709918505167494204651328852886787
z[ 184 ] is 15506832520428394418749245605386394147405503913625964506861436858971962494281
z[ 185 ] is 6488888550274978581272449474007043940597609353943436842620236428897471126081
z[ 186 ] is 10906394706657726156393838022597619093912992535548474219520925429050298254157
z[ 187 ] is 10999287943807643860482442695676317892988538334972202195183518450698990446658
z[ 188 ] is 6488888550274978581272449474007043940597609353943436842620236428897471126081
z[ 189 ] is 10906394706657726156393838022597619093912992535548474219520925429050298254157
z[ 190 ] is 10999287943807643860482442695676317892988538334972202195183518450698990446658
z[ 191 ] is 15453493531343139016267386763482148792844507516781042468642585262780789769738
z[ 192 ] is 4509993846421249502809814209339464910627022418057101006868942929074204979074
z[ 193 ] is 21263047806867208147150354568253265450811092780669800589662897632664606832360
z[ 194 ] is 15453493531343139016267386763482148792844507516781042468642585262780789769738
z[ 195 ] is 4509993846421249502809814209339464910627022418057101006868942929074204979074
z[ 196 ] is 21263047806867208147150354568253265450811092780669800589662897632664606832360
idx ==============  1
[90m16:37:04[0m DBG constraint system solver done [36mnbConstraints=[0m177 [36mtook=[0m0.04025
[90m16:37:04[0m DBG [1mpairing_test.go:687[0m[36m >[0m Rmid.X.A0 in circuit is  19573693968731899976104681362020904607063600006673786298325924334862809147830
[90m16:37:04[0m DBG [1mpairing_test.go:688[0m[36m >[0m Rout.X.A0 is  19573693968731899976104681362020904607063600006673786298325924334862809147830
[90m16:37:04[0m DBG [1mpairing_test.go:690[0m[36m >[0m ell is  11617865049052642066434674972570325991671829567927575502898871512535577497989
[90m16:37:04[0m DBG [1mpairing_test.go:691[0m[36m >[0m ell2 is  11617865049052642066434674972570325991671829567927575502898871512535577497989
[90m16:37:04[0m DBG [1mpairing_test.go:692[0m[36m >[0m bit is  0
idx ==============  2
enter cond 1
[90m16:37:04[0m DBG constraint system solver done [36mnbConstraints=[0m177 [36mtook=[0m0.044542
[90m16:37:04[0m DBG [1mpairing_test.go:687[0m[36m >[0m Rmid.X.A0 in circuit is  14346492985107458910446079676644288034122533038934408664881028608078547919668
[90m16:37:04[0m DBG [1mpairing_test.go:688[0m[36m >[0m Rout.X.A0 is  8943645545077991986739330154978877125237969356504420775422288563202140413759
[90m16:37:04[0m DBG [1mpairing_test.go:690[0m[36m >[0m ell is  16021831513477474090060192782703573297376374597293267300823963926603967125336
[90m16:37:04[0m DBG [1mpairing_test.go:691[0m[36m >[0m ell2 is  2160041765705715720488739930904224317031768958780530193467435419087049758928
[90m16:37:04[0m DBG [1mpairing_test.go:692[0m[36m >[0m bit is  1
idx ==============  3
[90m16:37:04[0m DBG constraint system solver done [36mnbConstraints=[0m177 [36mtook=[0m0.04125
[90m16:37:04[0m DBG [1mpairing_test.go:687[0m[36m >[0m Rmid.X.A0 in circuit is  8673449548213092017630378445501696942068090784855704122657805371914262810654
[90m16:37:04[0m DBG [1mpairing_test.go:688[0m[36m >[0m Rout.X.A0 is  8673449548213092017630378445501696942068090784855704122657805371914262810654
[90m16:37:04[0m DBG [1mpairing_test.go:690[0m[36m >[0m ell is  14436691320554156337472879882243287911321134006011837004799295032019493246974
[90m16:37:04[0m DBG [1mpairing_test.go:691[0m[36m >[0m ell2 is  14436691320554156337472879882243287911321134006011837004799295032019493246974
[90m16:37:04[0m DBG [1mpairing_test.go:692[0m[36m >[0m bit is  0
idx ==============  4
[90m16:37:04[0m DBG constraint system solver done [36mnbConstraints=[0m177 [36mtook=[0m0.03725
[90m16:37:04[0m DBG [1mpairing_test.go:687[0m[36m >[0m Rmid.X.A0 in circuit is  3977045310393658514431970247343676154222426326388146579002717874394531889237
[90m16:37:04[0m DBG [1mpairing_test.go:688[0m[36m >[0m Rout.X.A0 is  3977045310393658514431970247343676154222426326388146579002717874394531889237
[90m16:37:04[0m DBG [1mpairing_test.go:690[0m[36m >[0m ell is  6700951183688796680268068967854177300475348716499549639800901955642037185224
[90m16:37:04[0m DBG [1mpairing_test.go:691[0m[36m >[0m ell2 is  6700951183688796680268068967854177300475348716499549639800901955642037185224
[90m16:37:04[0m DBG [1mpairing_test.go:692[0m[36m >[0m bit is  0
idx ==============  5
[90m16:37:04[0m DBG constraint system solver done [36mnbConstraints=[0m177 [36mtook=[0m0.078125
[90m16:37:04[0m DBG [1mpairing_test.go:687[0m[36m >[0m Rmid.X.A0 in circuit is  10679741393717768024760182373092088340145383737797447068615575295242581202966
[90m16:37:04[0m DBG [1mpairing_test.go:688[0m[36m >[0m Rout.X.A0 is  10679741393717768024760182373092088340145383737797447068615575295242581202966
[90m16:37:04[0m DBG [1mpairing_test.go:690[0m[36m >[0m ell is  13441158373175666330254692908835651111019832169345240177814035237234565308245
[90m16:37:04[0m DBG [1mpairing_test.go:691[0m[36m >[0m ell2 is  13441158373175666330254692908835651111019832169345240177814035237234565308245
[90m16:37:04[0m DBG [1mpairing_test.go:692[0m[36m >[0m bit is  0
idx ==============  6
[90m16:37:04[0m DBG constraint system solver done [36mnbConstraints=[0m177 [36mtook=[0m0.085
[90m16:37:04[0m DBG [1mpairing_test.go:687[0m[36m >[0m Rmid.X.A0 in circuit is  1186320901245754531116711065646529890974792971578754116871917916118652414217
[90m16:37:04[0m DBG [1mpairing_test.go:688[0m[36m >[0m Rout.X.A0 is  18222823693546527396738958696505951953686363862773191198596832114697569199919
[90m16:37:04[0m DBG [1mpairing_test.go:690[0m[36m >[0m ell is  21535131575192284091159320610507679331626966907896237627593108152478987164985
[90m16:37:04[0m DBG [1mpairing_test.go:691[0m[36m >[0m ell2 is  11528720694221790135480381317529341477513349139757297670557186697777871542255
[90m16:37:04[0m DBG [1mpairing_test.go:692[0m[36m >[0m bit is  -1
idx ==============  7
[90m16:37:04[0m DBG constraint system solver done [36mnbConstraints=[0m177 [36mtook=[0m0.04625
[90m16:37:04[0m DBG [1mpairing_test.go:687[0m[36m >[0m Rmid.X.A0 in circuit is  21372942401168627524741238267641575729047478786855421705587669728751884354502
[90m16:37:04[0m DBG [1mpairing_test.go:688[0m[36m >[0m Rout.X.A0 is  21372942401168627524741238267641575729047478786855421705587669728751884354502
[90m16:37:04[0m DBG [1mpairing_test.go:690[0m[36m >[0m ell is  11479264595464775684439882377051612387976617821410126511988221263498314285947
[90m16:37:04[0m DBG [1mpairing_test.go:691[0m[36m >[0m ell2 is  11479264595464775684439882377051612387976617821410126511988221263498314285947
[90m16:37:04[0m DBG [1mpairing_test.go:692[0m[36m >[0m bit is  0
idx ==============  8
[90m16:37:04[0m DBG constraint system solver done [36mnbConstraints=[0m177 [36mtook=[0m0.041792
[90m16:37:04[0m DBG [1mpairing_test.go:687[0m[36m >[0m Rmid.X.A0 in circuit is  16200679445051874357863961110017940535043906486849600083498962062085351355787
[90m16:37:04[0m DBG [1mpairing_test.go:688[0m[36m >[0m Rout.X.A0 is  16837575649109593870238289841056446001230033824575612224691368243789830233806
[90m16:37:04[0m DBG [1mpairing_test.go:690[0m[36m >[0m ell is  15914376475617225251907438738159250816719352220630871087791255546692066734586
[90m16:37:04[0m DBG [1mpairing_test.go:691[0m[36m >[0m ell2 is  16313669165636452299471989199997098754079712354881713646342989249462113274482
[90m16:37:04[0m DBG [1mpairing_test.go:692[0m[36m >[0m bit is  -1
idx ==============  9
[90m16:37:04[0m DBG constraint system solver done [36mnbConstraints=[0m177 [36mtook=[0m0.036042
[90m16:37:04[0m DBG [1mpairing_test.go:687[0m[36m >[0m Rmid.X.A0 in circuit is  14828933271541895192500563415759084818082680100924927445753552621865122039788
[90m16:37:04[0m DBG [1mpairing_test.go:688[0m[36m >[0m Rout.X.A0 is  14828933271541895192500563415759084818082680100924927445753552621865122039788
[90m16:37:04[0m DBG [1mpairing_test.go:690[0m[36m >[0m ell is  1381701846012624833463165559401112394611569972501074428294224678840929286773
[90m16:37:04[0m DBG [1mpairing_test.go:691[0m[36m >[0m ell2 is  1381701846012624833463165559401112394611569972501074428294224678840929286773
[90m16:37:04[0m DBG [1mpairing_test.go:692[0m[36m >[0m bit is  0
idx ==============  10
[90m16:37:04[0m DBG constraint system solver done [36mnbConstraints=[0m177 [36mtook=[0m0.043209
[90m16:37:04[0m DBG [1mpairing_test.go:687[0m[36m >[0m Rmid.X.A0 in circuit is  20168060777039062705116015299531275531175129658733000528831011791783143814722
[90m16:37:04[0m DBG [1mpairing_test.go:688[0m[36m >[0m Rout.X.A0 is  20168060777039062705116015299531275531175129658733000528831011791783143814722
[90m16:37:04[0m DBG [1mpairing_test.go:690[0m[36m >[0m ell is  18702506216923222939082798994992427299809087841904825665668238301086695980344
[90m16:37:04[0m DBG [1mpairing_test.go:691[0m[36m >[0m ell2 is  18702506216923222939082798994992427299809087841904825665668238301086695980344
[90m16:37:04[0m DBG [1mpairing_test.go:692[0m[36m >[0m bit is  0
idx ==============  11
[90m16:37:04[0m DBG constraint system solver done [36mnbConstraints=[0m177 [36mtook=[0m0.045125
[90m16:37:04[0m DBG [1mpairing_test.go:687[0m[36m >[0m Rmid.X.A0 in circuit is  17845833664434187752401369314285738646709603106897049264546906383331392767690
[90m16:37:04[0m DBG [1mpairing_test.go:688[0m[36m >[0m Rout.X.A0 is  17845833664434187752401369314285738646709603106897049264546906383331392767690
[90m16:37:04[0m DBG [1mpairing_test.go:690[0m[36m >[0m ell is  6874085334071413482165913082264788286713255925640804238613408845723882585346
[90m16:37:04[0m DBG [1mpairing_test.go:691[0m[36m >[0m ell2 is  6874085334071413482165913082264788286713255925640804238613408845723882585346
[90m16:37:04[0m DBG [1mpairing_test.go:692[0m[36m >[0m bit is  0
idx ==============  12
[90m16:37:04[0m DBG constraint system solver done [36mnbConstraints=[0m177 [36mtook=[0m0.081875
[90m16:37:04[0m DBG [1mpairing_test.go:687[0m[36m >[0m Rmid.X.A0 in circuit is  9372459217461591952837339277297540577340793715190921780112091843311469684083
[90m16:37:04[0m DBG [1mpairing_test.go:688[0m[36m >[0m Rout.X.A0 is  5301444370184665660284668044967436116498606069653454933729125429042565036660
[90m16:37:04[0m DBG [1mpairing_test.go:690[0m[36m >[0m ell is  12117113579270856919340264702674372871328097351274706896460179504507223469973
[90m16:37:04[0m DBG [1mpairing_test.go:691[0m[36m >[0m ell2 is  18633432069822824900716229746542033071992915068881210956966014209595471874487
[90m16:37:04[0m DBG [1mpairing_test.go:692[0m[36m >[0m bit is  -1
idx ==============  13
[90m16:37:04[0m DBG constraint system solver done [36mnbConstraints=[0m177 [36mtook=[0m0.037708
[90m16:37:04[0m DBG [1mpairing_test.go:687[0m[36m >[0m Rmid.X.A0 in circuit is  1715526217929721089227809541083180293813070995915005255313241792087965066219
[90m16:37:04[0m DBG [1mpairing_test.go:688[0m[36m >[0m Rout.X.A0 is  1715526217929721089227809541083180293813070995915005255313241792087965066219
[90m16:37:04[0m DBG [1mpairing_test.go:690[0m[36m >[0m ell is  3247657025336944228891589783240022546661314796524161646154750410817077637367
[90m16:37:04[0m DBG [1mpairing_test.go:691[0m[36m >[0m ell2 is  3247657025336944228891589783240022546661314796524161646154750410817077637367
[90m16:37:04[0m DBG [1mpairing_test.go:692[0m[36m >[0m bit is  0
idx ==============  14
enter cond 1
[90m16:37:04[0m DBG constraint system solver done [36mnbConstraints=[0m177 [36mtook=[0m0.076584
[90m16:37:04[0m DBG [1mpairing_test.go:687[0m[36m >[0m Rmid.X.A0 in circuit is  6265421032708666484994296882428300573472633086741426826757034122723515701300
[90m16:37:04[0m DBG [1mpairing_test.go:688[0m[36m >[0m Rout.X.A0 is  21736678866780743466895835451129894193554661073631509258196561452358504313066
[90m16:37:04[0m DBG [1mpairing_test.go:690[0m[36m >[0m ell is  13184163293900854717365041494277016618710180619466553591553900164859382005286
[90m16:37:04[0m DBG [1mpairing_test.go:691[0m[36m >[0m ell2 is  16879073374896569052376806765302016679204237402096843216073755319576716495614
[90m16:37:04[0m DBG [1mpairing_test.go:692[0m[36m >[0m bit is  1
idx ==============  15
[90m16:37:04[0m DBG constraint system solver done [36mnbConstraints=[0m177 [36mtook=[0m0.060375
[90m16:37:04[0m DBG [1mpairing_test.go:687[0m[36m >[0m Rmid.X.A0 in circuit is  10501343529567254376138255814334811616840851999892991543444392017709999985090
[90m16:37:04[0m DBG [1mpairing_test.go:688[0m[36m >[0m Rout.X.A0 is  10501343529567254376138255814334811616840851999892991543444392017709999985090
[90m16:37:04[0m DBG [1mpairing_test.go:690[0m[36m >[0m ell is  11756985768707470498069143337705170835878017937942033237410733632419989150745
[90m16:37:04[0m DBG [1mpairing_test.go:691[0m[36m >[0m ell2 is  11756985768707470498069143337705170835878017937942033237410733632419989150745
[90m16:37:04[0m DBG [1mpairing_test.go:692[0m[36m >[0m bit is  0
idx ==============  16
[90m16:37:04[0m DBG constraint system solver done [36mnbConstraints=[0m177 [36mtook=[0m0.043209
[90m16:37:04[0m DBG [1mpairing_test.go:687[0m[36m >[0m Rmid.X.A0 in circuit is  16415363282318384461354221080640747320296475627659091544172479734123854668875
[90m16:37:04[0m DBG [1mpairing_test.go:688[0m[36m >[0m Rout.X.A0 is  14257366999074081702137617794058560903574349657020056903629720279920796905819
[90m16:37:04[0m DBG [1mpairing_test.go:690[0m[36m >[0m ell is  11873737700926531016566193538281864185601890251546432098101739023007125169815
[90m16:37:04[0m DBG [1mpairing_test.go:691[0m[36m >[0m ell2 is  21427238461827245762814890768554339452738979423365994406132128088213111611863
[90m16:37:04[0m DBG [1mpairing_test.go:692[0m[36m >[0m bit is  -1
idx ==============  17
[90m16:37:04[0m DBG constraint system solver done [36mnbConstraints=[0m177 [36mtook=[0m0.043084
[90m16:37:04[0m DBG [1mpairing_test.go:687[0m[36m >[0m Rmid.X.A0 in circuit is  2518386347101110844192168399700262178978984589898981470752225988143506147998
[90m16:37:04[0m DBG [1mpairing_test.go:688[0m[36m >[0m Rout.X.A0 is  2518386347101110844192168399700262178978984589898981470752225988143506147998
[90m16:37:04[0m DBG [1mpairing_test.go:690[0m[36m >[0m ell is  18407323175135202557439324037405524540774203118171539870567394729270227047796
[90m16:37:04[0m DBG [1mpairing_test.go:691[0m[36m >[0m ell2 is  18407323175135202557439324037405524540774203118171539870567394729270227047796
[90m16:37:04[0m DBG [1mpairing_test.go:692[0m[36m >[0m bit is  0
idx ==============  18
[90m16:37:04[0m DBG constraint system solver done [36mnbConstraints=[0m177 [36mtook=[0m0.0345
[90m16:37:04[0m DBG [1mpairing_test.go:687[0m[36m >[0m Rmid.X.A0 in circuit is  4945022016052867729451483442716608467380727529819241664348008402336705569744
[90m16:37:04[0m DBG [1mpairing_test.go:688[0m[36m >[0m Rout.X.A0 is  4945022016052867729451483442716608467380727529819241664348008402336705569744
[90m16:37:04[0m DBG [1mpairing_test.go:690[0m[36m >[0m ell is  14679093759821000115561446821138516315402866488491858224898036334914047056695
[90m16:37:04[0m DBG [1mpairing_test.go:691[0m[36m >[0m ell2 is  14679093759821000115561446821138516315402866488491858224898036334914047056695
[90m16:37:04[0m DBG [1mpairing_test.go:692[0m[36m >[0m bit is  0
idx ==============  19
[90m16:37:04[0m DBG constraint system solver done [36mnbConstraints=[0m177 [36mtook=[0m0.076959
[90m16:37:04[0m DBG [1mpairing_test.go:687[0m[36m >[0m Rmid.X.A0 in circuit is  12272697688782377594049348965929456346812976365929175785362688417987542790658
[90m16:37:04[0m DBG [1mpairing_test.go:688[0m[36m >[0m Rout.X.A0 is  3109477638157443361790003368677323597007765981563603264851634140132187800261
[90m16:37:04[0m DBG [1mpairing_test.go:690[0m[36m >[0m ell is  12561224566678795917726903204029899635276532086028849838258485309839844604353
[90m16:37:04[0m DBG [1mpairing_test.go:691[0m[36m >[0m ell2 is  14204752816742138505752956590220615037023218406687200380403013419933903168455
[90m16:37:04[0m DBG [1mpairing_test.go:692[0m[36m >[0m bit is  -1
idx ==============  20
[90m16:37:04[0m DBG constraint system solver done [36mnbConstraints=[0m177 [36mtook=[0m0.07275
[90m16:37:04[0m DBG [1mpairing_test.go:687[0m[36m >[0m Rmid.X.A0 in circuit is  19490848082435352574421521959071493864623622516373522967464795453946105237431
[90m16:37:04[0m DBG [1mpairing_test.go:688[0m[36m >[0m Rout.X.A0 is  19490848082435352574421521959071493864623622516373522967464795453946105237431
[90m16:37:04[0m DBG [1mpairing_test.go:690[0m[36m >[0m ell is  17588164030623078577747644069198103696102584105187276863306957205774263686036
[90m16:37:04[0m DBG [1mpairing_test.go:691[0m[36m >[0m ell2 is  17588164030623078577747644069198103696102584105187276863306957205774263686036
[90m16:37:04[0m DBG [1mpairing_test.go:692[0m[36m >[0m bit is  0
idx ==============  21
[90m16:37:04[0m DBG constraint system solver done [36mnbConstraints=[0m177 [36mtook=[0m0.041208
[90m16:37:04[0m DBG [1mpairing_test.go:687[0m[36m >[0m Rmid.X.A0 in circuit is  13996765888107905179559806134826521007147139461619427223018012479292542622163
[90m16:37:04[0m DBG [1mpairing_test.go:688[0m[36m >[0m Rout.X.A0 is  13996765888107905179559806134826521007147139461619427223018012479292542622163
[90m16:37:04[0m DBG [1mpairing_test.go:690[0m[36m >[0m ell is  6159763879023139082420765623590241278273288719657234058938989078804073421860
[90m16:37:04[0m DBG [1mpairing_test.go:691[0m[36m >[0m ell2 is  6159763879023139082420765623590241278273288719657234058938989078804073421860
[90m16:37:04[0m DBG [1mpairing_test.go:692[0m[36m >[0m bit is  0
idx ==============  22
[90m16:37:04[0m DBG constraint system solver done [36mnbConstraints=[0m177 [36mtook=[0m0.130083
[90m16:37:04[0m DBG [1mpairing_test.go:687[0m[36m >[0m Rmid.X.A0 in circuit is  4846226113558811942241359536898582594020431191874386130000374675340181738953
[90m16:37:04[0m DBG [1mpairing_test.go:688[0m[36m >[0m Rout.X.A0 is  4846226113558811942241359536898582594020431191874386130000374675340181738953
[90m16:37:04[0m DBG [1mpairing_test.go:690[0m[36m >[0m ell is  9350030822678087434083394034372369841952087396383514684337822918358134576670
[90m16:37:04[0m DBG [1mpairing_test.go:691[0m[36m >[0m ell2 is  9350030822678087434083394034372369841952087396383514684337822918358134576670
[90m16:37:04[0m DBG [1mpairing_test.go:692[0m[36m >[0m bit is  0
idx ==============  23
[90m16:37:04[0m DBG constraint system solver done [36mnbConstraints=[0m177 [36mtook=[0m0.0405
[90m16:37:04[0m DBG [1mpairing_test.go:687[0m[36m >[0m Rmid.X.A0 in circuit is  3448969619823325799752070951849425407906329681511327861734256015820974570213
[90m16:37:04[0m DBG [1mpairing_test.go:688[0m[36m >[0m Rout.X.A0 is  3448969619823325799752070951849425407906329681511327861734256015820974570213
[90m16:37:04[0m DBG [1mpairing_test.go:690[0m[36m >[0m ell is  21599170597041895909943545842426853406706692933734810927597804632206869972930
[90m16:37:04[0m DBG [1mpairing_test.go:691[0m[36m >[0m ell2 is  21599170597041895909943545842426853406706692933734810927597804632206869972930
[90m16:37:04[0m DBG [1mpairing_test.go:692[0m[36m >[0m bit is  0
idx ==============  24
[90m16:37:04[0m DBG constraint system solver done [36mnbConstraints=[0m177 [36mtook=[0m0.096333
[90m16:37:04[0m DBG [1mpairing_test.go:687[0m[36m >[0m Rmid.X.A0 in circuit is  21139271719867426596412873038921155648804125544755640415189333455147722409136
[90m16:37:04[0m DBG [1mpairing_test.go:688[0m[36m >[0m Rout.X.A0 is  21139271719867426596412873038921155648804125544755640415189333455147722409136
[90m16:37:04[0m DBG [1mpairing_test.go:690[0m[36m >[0m ell is  4091448420445027407223781121024324637034242058222751237803266343071928887549
[90m16:37:04[0m DBG [1mpairing_test.go:691[0m[36m >[0m ell2 is  4091448420445027407223781121024324637034242058222751237803266343071928887549
[90m16:37:04[0m DBG [1mpairing_test.go:692[0m[36m >[0m bit is  0
idx ==============  25
enter cond 1
[90m16:37:04[0m DBG constraint system solver done [36mnbConstraints=[0m177 [36mtook=[0m0.041834
[90m16:37:04[0m DBG [1mpairing_test.go:687[0m[36m >[0m Rmid.X.A0 in circuit is  782007907733332146653736963626300146762727563630846558938215780637677199304
[90m16:37:04[0m DBG [1mpairing_test.go:688[0m[36m >[0m Rout.X.A0 is  6814342627197733364879528705454299218939628758490104910652221364119334842951
[90m16:37:04[0m DBG [1mpairing_test.go:690[0m[36m >[0m ell is  17501621783052773652756983902488242547550233682820991302348452171259067522265
[90m16:37:04[0m DBG [1mpairing_test.go:691[0m[36m >[0m ell2 is  3379233422857685243086211851063696375620625767379207118965881000160690689632
[90m16:37:04[0m DBG [1mpairing_test.go:692[0m[36m >[0m bit is  1
idx ==============  26
[90m16:37:04[0m DBG constraint system solver done [36mnbConstraints=[0m177 [36mtook=[0m0.05375
[90m16:37:04[0m DBG [1mpairing_test.go:687[0m[36m >[0m Rmid.X.A0 in circuit is  14218735332634925589768435887745914071219647999646179031143771764717117833096
[90m16:37:04[0m DBG [1mpairing_test.go:688[0m[36m >[0m Rout.X.A0 is  14218735332634925589768435887745914071219647999646179031143771764717117833096
[90m16:37:04[0m DBG [1mpairing_test.go:690[0m[36m >[0m ell is  15190046905172753728714535745195892451237672978810990720127657282416678705316
[90m16:37:04[0m DBG [1mpairing_test.go:691[0m[36m >[0m ell2 is  15190046905172753728714535745195892451237672978810990720127657282416678705316
[90m16:37:04[0m DBG [1mpairing_test.go:692[0m[36m >[0m bit is  0
idx ==============  27
[90m16:37:04[0m DBG constraint system solver done [36mnbConstraints=[0m177 [36mtook=[0m0.0315
[90m16:37:04[0m DBG [1mpairing_test.go:687[0m[36m >[0m Rmid.X.A0 in circuit is  991737494499508380038063612931829292802997457665541424652066728555938915050
[90m16:37:04[0m DBG [1mpairing_test.go:688[0m[36m >[0m Rout.X.A0 is  991737494499508380038063612931829292802997457665541424652066728555938915050
[90m16:37:04[0m DBG [1mpairing_test.go:690[0m[36m >[0m ell is  951435078459676323121863828379754783147949595911859294496606676203832846347
[90m16:37:04[0m DBG [1mpairing_test.go:691[0m[36m >[0m ell2 is  951435078459676323121863828379754783147949595911859294496606676203832846347
[90m16:37:04[0m DBG [1mpairing_test.go:692[0m[36m >[0m bit is  0
idx ==============  28
[90m16:37:04[0m DBG constraint system solver done [36mnbConstraints=[0m177 [36mtook=[0m0.034709
[90m16:37:04[0m DBG [1mpairing_test.go:687[0m[36m >[0m Rmid.X.A0 in circuit is  11606400275139357846254238345656215652549733571543916865309259610461060912548
[90m16:37:04[0m DBG [1mpairing_test.go:688[0m[36m >[0m Rout.X.A0 is  538596836812548214880040000563180908412936107267765445019597231363846549349
[90m16:37:04[0m DBG [1mpairing_test.go:690[0m[36m >[0m ell is  1516763422247988562172947937815736303623345721749990322114568164658962406625
[90m16:37:04[0m DBG [1mpairing_test.go:691[0m[36m >[0m ell2 is  16820212495022263341153853167060658724420736398178563671207934064542672089461
[90m16:37:04[0m DBG [1mpairing_test.go:692[0m[36m >[0m bit is  -1
idx ==============  29
[90m16:37:04[0m DBG constraint system solver done [36mnbConstraints=[0m177 [36mtook=[0m0.032875
[90m16:37:04[0m DBG [1mpairing_test.go:687[0m[36m >[0m Rmid.X.A0 in circuit is  19085968979035764866917779278390411721221845184307598958760404839906333903383
[90m16:37:04[0m DBG [1mpairing_test.go:688[0m[36m >[0m Rout.X.A0 is  19085968979035764866917779278390411721221845184307598958760404839906333903383
[90m16:37:04[0m DBG [1mpairing_test.go:690[0m[36m >[0m ell is  13856808258236832546896513033981133015225316636474631840774226810806128396849
[90m16:37:04[0m DBG [1mpairing_test.go:691[0m[36m >[0m ell2 is  13856808258236832546896513033981133015225316636474631840774226810806128396849
[90m16:37:04[0m DBG [1mpairing_test.go:692[0m[36m >[0m bit is  0
idx ==============  30
enter cond 1
[90m16:37:04[0m DBG constraint system solver done [36mnbConstraints=[0m177 [36mtook=[0m0.080125
[90m16:37:04[0m DBG [1mpairing_test.go:687[0m[36m >[0m Rmid.X.A0 in circuit is  21316880047023760570241898642421512834112672029099987623160545360167139827894
[90m16:37:04[0m DBG [1mpairing_test.go:688[0m[36m >[0m Rout.X.A0 is  5373103581086974735953392091361005586072547493225588342559231755563692995030
[90m16:37:04[0m DBG [1mpairing_test.go:690[0m[36m >[0m ell is  2391678685359816104718058449009252071273831032492471801861574518069583831028
[90m16:37:04[0m DBG [1mpairing_test.go:691[0m[36m >[0m ell2 is  12422220093548758872179215726031430765115189606067149634506402904492293836728
[90m16:37:04[0m DBG [1mpairing_test.go:692[0m[36m >[0m bit is  1
idx ==============  31
[90m16:37:04[0m DBG constraint system solver done [36mnbConstraints=[0m177 [36mtook=[0m0.077542
[90m16:37:04[0m DBG [1mpairing_test.go:687[0m[36m >[0m Rmid.X.A0 in circuit is  12863685530394464681754339399900301828964381700337816661644346301829506746650
[90m16:37:04[0m DBG [1mpairing_test.go:688[0m[36m >[0m Rout.X.A0 is  12863685530394464681754339399900301828964381700337816661644346301829506746650
[90m16:37:04[0m DBG [1mpairing_test.go:690[0m[36m >[0m ell is  10230726486169889484397180755340284295493274720697035791681346703119842183605
[90m16:37:04[0m DBG [1mpairing_test.go:691[0m[36m >[0m ell2 is  10230726486169889484397180755340284295493274720697035791681346703119842183605
[90m16:37:04[0m DBG [1mpairing_test.go:692[0m[36m >[0m bit is  0
idx ==============  32
[90m16:37:04[0m DBG constraint system solver done [36mnbConstraints=[0m177 [36mtook=[0m0.037
[90m16:37:04[0m DBG [1mpairing_test.go:687[0m[36m >[0m Rmid.X.A0 in circuit is  14411935520028975636131958687416341467651179985137842580517046338846948540004
[90m16:37:04[0m DBG [1mpairing_test.go:688[0m[36m >[0m Rout.X.A0 is  14411935520028975636131958687416341467651179985137842580517046338846948540004
[90m16:37:04[0m DBG [1mpairing_test.go:690[0m[36m >[0m ell is  19108403457168264851652172144448214272897600554132957128894976837191982559229
[90m16:37:04[0m DBG [1mpairing_test.go:691[0m[36m >[0m ell2 is  19108403457168264851652172144448214272897600554132957128894976837191982559229
[90m16:37:04[0m DBG [1mpairing_test.go:692[0m[36m >[0m bit is  0
idx ==============  33
[90m16:37:04[0m DBG constraint system solver done [36mnbConstraints=[0m177 [36mtook=[0m0.032917
[90m16:37:04[0m DBG [1mpairing_test.go:687[0m[36m >[0m Rmid.X.A0 in circuit is  14566416542412990971133668086346743850839327080760271600546902124878988276059
[90m16:37:04[0m DBG [1mpairing_test.go:688[0m[36m >[0m Rout.X.A0 is  13503931349431035225926542021391485365186731060324294911575909279478839493870
[90m16:37:04[0m DBG [1mpairing_test.go:690[0m[36m >[0m ell is  16482748503412693977596478279276217681048608139479368766163246749622368182398
[90m16:37:04[0m DBG [1mpairing_test.go:691[0m[36m >[0m ell2 is  21195962297923071842914717221020685017860849908198134301479613207348003933755
[90m16:37:04[0m DBG [1mpairing_test.go:692[0m[36m >[0m bit is  -1
idx ==============  34
[90m16:37:04[0m DBG constraint system solver done [36mnbConstraints=[0m177 [36mtook=[0m0.047334
[90m16:37:04[0m DBG [1mpairing_test.go:687[0m[36m >[0m Rmid.X.A0 in circuit is  13476253863732518130521982203939269792932118240622149780470594791687485438248
[90m16:37:04[0m DBG [1mpairing_test.go:688[0m[36m >[0m Rout.X.A0 is  13476253863732518130521982203939269792932118240622149780470594791687485438248
[90m16:37:04[0m DBG [1mpairing_test.go:690[0m[36m >[0m ell is  17365164480926449687793768878587277679516130098692044599541836560458077944723
[90m16:37:04[0m DBG [1mpairing_test.go:691[0m[36m >[0m ell2 is  17365164480926449687793768878587277679516130098692044599541836560458077944723
[90m16:37:04[0m DBG [1mpairing_test.go:692[0m[36m >[0m bit is  0
idx ==============  35
[90m16:37:04[0m DBG constraint system solver done [36mnbConstraints=[0m177 [36mtook=[0m0.031875
[90m16:37:04[0m DBG [1mpairing_test.go:687[0m[36m >[0m Rmid.X.A0 in circuit is  1980895032141320508874533519535685824925477133716642220090637593381477592147
[90m16:37:04[0m DBG [1mpairing_test.go:688[0m[36m >[0m Rout.X.A0 is  1980895032141320508874533519535685824925477133716642220090637593381477592147
[90m16:37:04[0m DBG [1mpairing_test.go:690[0m[36m >[0m ell is  159638233411260069278423821473486379484490489578306949003014713654669700993
[90m16:37:04[0m DBG [1mpairing_test.go:691[0m[36m >[0m ell2 is  159638233411260069278423821473486379484490489578306949003014713654669700993
[90m16:37:04[0m DBG [1mpairing_test.go:692[0m[36m >[0m bit is  0
idx ==============  36
[90m16:37:04[0m DBG constraint system solver done [36mnbConstraints=[0m177 [36mtook=[0m0.050959
[90m16:37:04[0m DBG [1mpairing_test.go:687[0m[36m >[0m Rmid.X.A0 in circuit is  1092764077191127015167615967305239448559368466065134378720795742334964635581
[90m16:37:04[0m DBG [1mpairing_test.go:688[0m[36m >[0m Rout.X.A0 is  1092764077191127015167615967305239448559368466065134378720795742334964635581
[90m16:37:04[0m DBG [1mpairing_test.go:690[0m[36m >[0m ell is  13068912144059201872276718950647606542504570543750064782481838105801735394952
[90m16:37:04[0m DBG [1mpairing_test.go:691[0m[36m >[0m ell2 is  13068912144059201872276718950647606542504570543750064782481838105801735394952
[90m16:37:04[0m DBG [1mpairing_test.go:692[0m[36m >[0m bit is  0
idx ==============  37
[90m16:37:04[0m DBG constraint system solver done [36mnbConstraints=[0m177 [36mtook=[0m0.033708
[90m16:37:04[0m DBG [1mpairing_test.go:687[0m[36m >[0m Rmid.X.A0 in circuit is  6375073277591919622363705478720157593127143759315823980049348255229893306102
[90m16:37:04[0m DBG [1mpairing_test.go:688[0m[36m >[0m Rout.X.A0 is  6375073277591919622363705478720157593127143759315823980049348255229893306102
[90m16:37:04[0m DBG [1mpairing_test.go:690[0m[36m >[0m ell is  13637511058071829549534372563971619523634131535206304150619236334015193598054
[90m16:37:04[0m DBG [1mpairing_test.go:691[0m[36m >[0m ell2 is  13637511058071829549534372563971619523634131535206304150619236334015193598054
[90m16:37:04[0m DBG [1mpairing_test.go:692[0m[36m >[0m bit is  0
idx ==============  38
[90m16:37:04[0m DBG constraint system solver done [36mnbConstraints=[0m177 [36mtook=[0m0.0425
[90m16:37:04[0m DBG [1mpairing_test.go:687[0m[36m >[0m Rmid.X.A0 in circuit is  20036429225920060643295887363633970946238061655080701732353362407571689139259
[90m16:37:04[0m DBG [1mpairing_test.go:688[0m[36m >[0m Rout.X.A0 is  16302160765582280346600547725988256324444680592692191358127058534961654307179
[90m16:37:04[0m DBG [1mpairing_test.go:690[0m[36m >[0m ell is  18972330618653620720242104322081729821639756554697184129914798104761444500660
[90m16:37:04[0m DBG [1mpairing_test.go:691[0m[36m >[0m ell2 is  17014642376934603771158228523461516998229381546597146747920153963311295383206
[90m16:37:04[0m DBG [1mpairing_test.go:692[0m[36m >[0m bit is  -1
idx ==============  39
[90m16:37:04[0m DBG constraint system solver done [36mnbConstraints=[0m177 [36mtook=[0m0.033792
[90m16:37:04[0m DBG [1mpairing_test.go:687[0m[36m >[0m Rmid.X.A0 in circuit is  21611825144130712599701501331298695315191443863983686973017104930570613119350
[90m16:37:04[0m DBG [1mpairing_test.go:688[0m[36m >[0m Rout.X.A0 is  21611825144130712599701501331298695315191443863983686973017104930570613119350
[90m16:37:04[0m DBG [1mpairing_test.go:690[0m[36m >[0m ell is  14772730348689074759460155910900903055003199820757110913379718012409831745132
[90m16:37:04[0m DBG [1mpairing_test.go:691[0m[36m >[0m ell2 is  14772730348689074759460155910900903055003199820757110913379718012409831745132
[90m16:37:04[0m DBG [1mpairing_test.go:692[0m[36m >[0m bit is  0
idx ==============  40
enter cond 1
[90m16:37:04[0m DBG constraint system solver done [36mnbConstraints=[0m177 [36mtook=[0m0.041375
[90m16:37:04[0m DBG [1mpairing_test.go:687[0m[36m >[0m Rmid.X.A0 in circuit is  20002752281868691374610221389368610364989025029764700078185738862178916148662
[90m16:37:04[0m DBG [1mpairing_test.go:688[0m[36m >[0m Rout.X.A0 is  6211048070163753617930315269066097368688099936591005740175565503239444247356
[90m16:37:04[0m DBG [1mpairing_test.go:690[0m[36m >[0m ell is  5241364747912113647550683175965213231888595252018620603428984386072990099159
[90m16:37:04[0m DBG [1mpairing_test.go:691[0m[36m >[0m ell2 is  1998682930937826940836982281094265892198518968900141392136063800136074330986
[90m16:37:04[0m DBG [1mpairing_test.go:692[0m[36m >[0m bit is  1
idx ==============  41
[90m16:37:04[0m DBG constraint system solver done [36mnbConstraints=[0m177 [36mtook=[0m0.032708
[90m16:37:04[0m DBG [1mpairing_test.go:687[0m[36m >[0m Rmid.X.A0 in circuit is  1426705315611641836559086100545890135550462842641724203200662771438005057400
[90m16:37:04[0m DBG [1mpairing_test.go:688[0m[36m >[0m Rout.X.A0 is  1426705315611641836559086100545890135550462842641724203200662771438005057400
[90m16:37:04[0m DBG [1mpairing_test.go:690[0m[36m >[0m ell is  15659434327653708519483749360037843264428242316942286294456027087422883210239
[90m16:37:04[0m DBG [1mpairing_test.go:691[0m[36m >[0m ell2 is  15659434327653708519483749360037843264428242316942286294456027087422883210239
[90m16:37:04[0m DBG [1mpairing_test.go:692[0m[36m >[0m bit is  0
idx ==============  42
[90m16:37:04[0m DBG constraint system solver done [36mnbConstraints=[0m177 [36mtook=[0m0.038042
[90m16:37:04[0m DBG [1mpairing_test.go:687[0m[36m >[0m Rmid.X.A0 in circuit is  7090817867828094180957474259890332934921302774874475796701695663014732483250
[90m16:37:04[0m DBG [1mpairing_test.go:688[0m[36m >[0m Rout.X.A0 is  7090817867828094180957474259890332934921302774874475796701695663014732483250
[90m16:37:04[0m DBG [1mpairing_test.go:690[0m[36m >[0m ell is  21004906358551202859786125835425785223253099798195807307693658266653085178940
[90m16:37:04[0m DBG [1mpairing_test.go:691[0m[36m >[0m ell2 is  21004906358551202859786125835425785223253099798195807307693658266653085178940
[90m16:37:04[0m DBG [1mpairing_test.go:692[0m[36m >[0m bit is  0
idx ==============  43
[90m16:37:04[0m DBG constraint system solver done [36mnbConstraints=[0m177 [36mtook=[0m0.039584
[90m16:37:04[0m DBG [1mpairing_test.go:687[0m[36m >[0m Rmid.X.A0 in circuit is  20312537874550910291921873213798609133721378236054811413645063720871374146794
[90m16:37:04[0m DBG [1mpairing_test.go:688[0m[36m >[0m Rout.X.A0 is  20312537874550910291921873213798609133721378236054811413645063720871374146794
[90m16:37:04[0m DBG [1mpairing_test.go:690[0m[36m >[0m ell is  14580223589219759271548578294966650376799623348226980640533147914824351280432
[90m16:37:04[0m DBG [1mpairing_test.go:691[0m[36m >[0m ell2 is  14580223589219759271548578294966650376799623348226980640533147914824351280432
[90m16:37:04[0m DBG [1mpairing_test.go:692[0m[36m >[0m bit is  0
idx ==============  44
[90m16:37:04[0m DBG constraint system solver done [36mnbConstraints=[0m177 [36mtook=[0m0.036333
[90m16:37:04[0m DBG [1mpairing_test.go:687[0m[36m >[0m Rmid.X.A0 in circuit is  16277461423733058300618782899796430769986513884219142457871312055205687554151
[90m16:37:04[0m DBG [1mpairing_test.go:688[0m[36m >[0m Rout.X.A0 is  16875565134096632366420450389687986596241318680971260904677839154373617128799
[90m16:37:04[0m DBG [1mpairing_test.go:690[0m[36m >[0m ell is  14628781602957689641249615125890252176028114101440227556847538212962521742395
[90m16:37:04[0m DBG [1mpairing_test.go:691[0m[36m >[0m ell2 is  12296759927339567152387039931187142655651657422873769667435634309624787866693
[90m16:37:04[0m DBG [1mpairing_test.go:692[0m[36m >[0m bit is  -1
idx ==============  45
[90m16:37:04[0m DBG constraint system solver done [36mnbConstraints=[0m177 [36mtook=[0m0.032583
[90m16:37:04[0m DBG [1mpairing_test.go:687[0m[36m >[0m Rmid.X.A0 in circuit is  18238256964748996303922308175224509222197127056037325438476229057879711129478
[90m16:37:04[0m DBG [1mpairing_test.go:688[0m[36m >[0m Rout.X.A0 is  18238256964748996303922308175224509222197127056037325438476229057879711129478
[90m16:37:04[0m DBG [1mpairing_test.go:690[0m[36m >[0m ell is  14205274292018286458597540982798734441561947217559138349488488127563385516815
[90m16:37:04[0m DBG [1mpairing_test.go:691[0m[36m >[0m ell2 is  14205274292018286458597540982798734441561947217559138349488488127563385516815
[90m16:37:04[0m DBG [1mpairing_test.go:692[0m[36m >[0m bit is  0
idx ==============  46
[90m16:37:04[0m DBG constraint system solver done [36mnbConstraints=[0m177 [36mtook=[0m0.035958
[90m16:37:04[0m DBG [1mpairing_test.go:687[0m[36m >[0m Rmid.X.A0 in circuit is  1047932639626680551700047924239065571049207831480747935514169943201521145848
[90m16:37:04[0m DBG [1mpairing_test.go:688[0m[36m >[0m Rout.X.A0 is  15227085501144878912794336637208291551325085727980410463723323034544870805128
[90m16:37:04[0m DBG [1mpairing_test.go:690[0m[36m >[0m ell is  19772989721865646172900406301091481612707928761419065976826744046582954170314
[90m16:37:04[0m DBG [1mpairing_test.go:691[0m[36m >[0m ell2 is  13269461263224893092186834367885871636431082798439662118334461199556079932309
[90m16:37:04[0m DBG [1mpairing_test.go:692[0m[36m >[0m bit is  -1
idx ==============  47
[90m16:37:04[0m DBG constraint system solver done [36mnbConstraints=[0m177 [36mtook=[0m0.032208
[90m16:37:04[0m DBG [1mpairing_test.go:687[0m[36m >[0m Rmid.X.A0 in circuit is  14857749154476134216768124843384276447669207242414750449064205761993500257708
[90m16:37:04[0m DBG [1mpairing_test.go:688[0m[36m >[0m Rout.X.A0 is  14857749154476134216768124843384276447669207242414750449064205761993500257708
[90m16:37:04[0m DBG [1mpairing_test.go:690[0m[36m >[0m ell is  14617860115054374335031273810781521502932207966063575244522961561125050618417
[90m16:37:04[0m DBG [1mpairing_test.go:691[0m[36m >[0m ell2 is  14617860115054374335031273810781521502932207966063575244522961561125050618417
[90m16:37:04[0m DBG [1mpairing_test.go:692[0m[36m >[0m bit is  0
idx ==============  48
[90m16:37:04[0m DBG constraint system solver done [36mnbConstraints=[0m177 [36mtook=[0m0.028584
[90m16:37:04[0m DBG [1mpairing_test.go:687[0m[36m >[0m Rmid.X.A0 in circuit is  16763687724957834313539340017527189072446661708872696661049043433094490953434
[90m16:37:04[0m DBG [1mpairing_test.go:688[0m[36m >[0m Rout.X.A0 is  16763687724957834313539340017527189072446661708872696661049043433094490953434
[90m16:37:04[0m DBG [1mpairing_test.go:690[0m[36m >[0m ell is  3886795541206895748910351734262012251485126054946311222877753720307824910569
[90m16:37:04[0m DBG [1mpairing_test.go:691[0m[36m >[0m ell2 is  3886795541206895748910351734262012251485126054946311222877753720307824910569
[90m16:37:04[0m DBG [1mpairing_test.go:692[0m[36m >[0m bit is  0
idx ==============  49
enter cond 1
[90m16:37:04[0m DBG constraint system solver done [36mnbConstraints=[0m177 [36mtook=[0m0.034042
[90m16:37:04[0m DBG [1mpairing_test.go:687[0m[36m >[0m Rmid.X.A0 in circuit is  770541475192113249136730114375814649521243882602953292002963548043046436125
[90m16:37:04[0m DBG [1mpairing_test.go:688[0m[36m >[0m Rout.X.A0 is  7397072669080898215000089082864747185014127428155539413662646338524075437222
[90m16:37:04[0m DBG [1mpairing_test.go:690[0m[36m >[0m ell is  8865884468406157995415559111099859308741526124235107167528890460452340162874
[90m16:37:04[0m DBG [1mpairing_test.go:691[0m[36m >[0m ell2 is  10773824456084391363709882212693582027456356503266294700930120118785420509659
[90m16:37:04[0m DBG [1mpairing_test.go:692[0m[36m >[0m bit is  1
idx ==============  50
[90m16:37:04[0m DBG constraint system solver done [36mnbConstraints=[0m177 [36mtook=[0m0.035042
[90m16:37:04[0m DBG [1mpairing_test.go:687[0m[36m >[0m Rmid.X.A0 in circuit is  2436207005771441032969388711306322543208245757335311135304394255966427126356
[90m16:37:04[0m DBG [1mpairing_test.go:688[0m[36m >[0m Rout.X.A0 is  2436207005771441032969388711306322543208245757335311135304394255966427126356
[90m16:37:04[0m DBG [1mpairing_test.go:690[0m[36m >[0m ell is  15943592922508374434660840147078820851878696384683766024411699905722147680286
[90m16:37:04[0m DBG [1mpairing_test.go:691[0m[36m >[0m ell2 is  15943592922508374434660840147078820851878696384683766024411699905722147680286
[90m16:37:04[0m DBG [1mpairing_test.go:692[0m[36m >[0m bit is  0
idx ==============  51
[90m16:37:04[0m DBG constraint system solver done [36mnbConstraints=[0m177 [36mtook=[0m0.031791
[90m16:37:04[0m DBG [1mpairing_test.go:687[0m[36m >[0m Rmid.X.A0 in circuit is  17830805145053722781244638464216995235535171108052013808504569064612800078156
[90m16:37:04[0m DBG [1mpairing_test.go:688[0m[36m >[0m Rout.X.A0 is  17830805145053722781244638464216995235535171108052013808504569064612800078156
[90m16:37:04[0m DBG [1mpairing_test.go:690[0m[36m >[0m ell is  8724734553157136282151150626322236528197967501090220127643236563613704284788
[90m16:37:04[0m DBG [1mpairing_test.go:691[0m[36m >[0m ell2 is  8724734553157136282151150626322236528197967501090220127643236563613704284788
[90m16:37:04[0m DBG [1mpairing_test.go:692[0m[36m >[0m bit is  0
idx ==============  52
[90m16:37:04[0m DBG constraint system solver done [36mnbConstraints=[0m177 [36mtook=[0m0.039792
[90m16:37:04[0m DBG [1mpairing_test.go:687[0m[36m >[0m Rmid.X.A0 in circuit is  10276221374492946401368148131252212334965387443800498330036442145938378708813
[90m16:37:04[0m DBG [1mpairing_test.go:688[0m[36m >[0m Rout.X.A0 is  10276221374492946401368148131252212334965387443800498330036442145938378708813
[90m16:37:04[0m DBG [1mpairing_test.go:690[0m[36m >[0m ell is  11206553931578356544874360739394126713452358279874108082780696476961834760233
[90m16:37:04[0m DBG [1mpairing_test.go:691[0m[36m >[0m ell2 is  11206553931578356544874360739394126713452358279874108082780696476961834760233
[90m16:37:04[0m DBG [1mpairing_test.go:692[0m[36m >[0m bit is  0
idx ==============  53
[90m16:37:04[0m DBG constraint system solver done [36mnbConstraints=[0m177 [36mtook=[0m0.030375
[90m16:37:04[0m DBG [1mpairing_test.go:687[0m[36m >[0m Rmid.X.A0 in circuit is  5098630548701416943480550048616971134602062446850051339469567888484683250034
[90m16:37:04[0m DBG [1mpairing_test.go:688[0m[36m >[0m Rout.X.A0 is  13013058091411008487920012714152301356621969119792299275066564644411218358021
[90m16:37:04[0m DBG [1mpairing_test.go:690[0m[36m >[0m ell is  16588165753811956386736851591969893164141543944916520204565241248096514254194
[90m16:37:04[0m DBG [1mpairing_test.go:691[0m[36m >[0m ell2 is  1532790228279070028622882015932009704500654112166484412174509087034659572137
[90m16:37:04[0m DBG [1mpairing_test.go:692[0m[36m >[0m bit is  -1
idx ==============  54
[90m16:37:04[0m DBG constraint system solver done [36mnbConstraints=[0m177 [36mtook=[0m0.154208
[90m16:37:04[0m DBG [1mpairing_test.go:687[0m[36m >[0m Rmid.X.A0 in circuit is  4388232313562274235179095998425118698018006510337494232616436082850360928592
[90m16:37:04[0m DBG [1mpairing_test.go:688[0m[36m >[0m Rout.X.A0 is  4388232313562274235179095998425118698018006510337494232616436082850360928592
[90m16:37:04[0m DBG [1mpairing_test.go:690[0m[36m >[0m ell is  14323729922654242681675735083379835111208620737718414256081393916635517785493
[90m16:37:04[0m DBG [1mpairing_test.go:691[0m[36m >[0m ell2 is  14323729922654242681675735083379835111208620737718414256081393916635517785493
[90m16:37:04[0m DBG [1mpairing_test.go:692[0m[36m >[0m bit is  0
idx ==============  55
[90m16:37:04[0m DBG constraint system solver done [36mnbConstraints=[0m177 [36mtook=[0m0.044958
[90m16:37:04[0m DBG [1mpairing_test.go:687[0m[36m >[0m Rmid.X.A0 in circuit is  11641484324664593063761211275272809268171418398249612924553401618098352092890
[90m16:37:04[0m DBG [1mpairing_test.go:688[0m[36m >[0m Rout.X.A0 is  11641484324664593063761211275272809268171418398249612924553401618098352092890
[90m16:37:04[0m DBG [1mpairing_test.go:690[0m[36m >[0m ell is  4407338135507756613464821493368421036364971604179257798515391360422929534933
[90m16:37:04[0m DBG [1mpairing_test.go:691[0m[36m >[0m ell2 is  4407338135507756613464821493368421036364971604179257798515391360422929534933
[90m16:37:04[0m DBG [1mpairing_test.go:692[0m[36m >[0m bit is  0
idx ==============  56
[90m16:37:04[0m DBG constraint system solver done [36mnbConstraints=[0m177 [36mtook=[0m0.035666
[90m16:37:04[0m DBG [1mpairing_test.go:687[0m[36m >[0m Rmid.X.A0 in circuit is  19240970517933660308444847510857370901923370579891275552042438690598934219599
[90m16:37:04[0m DBG [1mpairing_test.go:688[0m[36m >[0m Rout.X.A0 is  4906522184780548939373842253168921244264248445307061256714372431505705788044
[90m16:37:04[0m DBG [1mpairing_test.go:690[0m[36m >[0m ell is  8960818566402998909459746369096680726471558718490749957369796404430783104356
[90m16:37:04[0m DBG [1mpairing_test.go:691[0m[36m >[0m ell2 is  4020962757267440678738276489054310949080929785863980674251892239433847073740
[90m16:37:04[0m DBG [1mpairing_test.go:692[0m[36m >[0m bit is  -1
idx ==============  57
[90m16:37:04[0m DBG constraint system solver done [36mnbConstraints=[0m177 [36mtook=[0m0.033583
[90m16:37:04[0m DBG [1mpairing_test.go:687[0m[36m >[0m Rmid.X.A0 in circuit is  12100118003288704238301490072265572467001298787545532219007317746142266463055
[90m16:37:04[0m DBG [1mpairing_test.go:688[0m[36m >[0m Rout.X.A0 is  12100118003288704238301490072265572467001298787545532219007317746142266463055
[90m16:37:04[0m DBG [1mpairing_test.go:690[0m[36m >[0m ell is  9943196048735767858801793872741578075436652242812088977352760468395446367937
[90m16:37:04[0m DBG [1mpairing_test.go:691[0m[36m >[0m ell2 is  9943196048735767858801793872741578075436652242812088977352760468395446367937
[90m16:37:04[0m DBG [1mpairing_test.go:692[0m[36m >[0m bit is  0
idx ==============  58
enter cond 1
[90m16:37:04[0m DBG constraint system solver done [36mnbConstraints=[0m177 [36mtook=[0m0.05375
[90m16:37:04[0m DBG [1mpairing_test.go:687[0m[36m >[0m Rmid.X.A0 in circuit is  14005239120578959535235367945957625853094023604396670551882990780016755721130
[90m16:37:04[0m DBG [1mpairing_test.go:688[0m[36m >[0m Rout.X.A0 is  595993534824294936708589984800387488861907312424713672666036616059932999687
[90m16:37:04[0m DBG [1mpairing_test.go:690[0m[36m >[0m ell is  5475537927438978562197292531385665754164570671938695301139864453556073264684
[90m16:37:04[0m DBG [1mpairing_test.go:691[0m[36m >[0m ell2 is  11746145447048198079758737384700961702758751578936137594711599372225137134821
[90m16:37:04[0m DBG [1mpairing_test.go:692[0m[36m >[0m bit is  1
idx ==============  59
[90m16:37:04[0m DBG constraint system solver done [36mnbConstraints=[0m177 [36mtook=[0m0.043125
[90m16:37:04[0m DBG [1mpairing_test.go:687[0m[36m >[0m Rmid.X.A0 in circuit is  19578882820664664297568166465003979361069309929218920198083041191333081097217
[90m16:37:04[0m DBG [1mpairing_test.go:688[0m[36m >[0m Rout.X.A0 is  19578882820664664297568166465003979361069309929218920198083041191333081097217
[90m16:37:04[0m DBG [1mpairing_test.go:690[0m[36m >[0m ell is  8224305065318375723861507782060743172463327256978704592621251555020336815245
[90m16:37:04[0m DBG [1mpairing_test.go:691[0m[36m >[0m ell2 is  8224305065318375723861507782060743172463327256978704592621251555020336815245
[90m16:37:04[0m DBG [1mpairing_test.go:692[0m[36m >[0m bit is  0
idx ==============  60
enter cond 1
[90m16:37:04[0m DBG constraint system solver done [36mnbConstraints=[0m177 [36mtook=[0m0.041583
[90m16:37:04[0m DBG [1mpairing_test.go:687[0m[36m >[0m Rmid.X.A0 in circuit is  11715259577643892705168602765918188072960486780503192730834023449995825792650
[90m16:37:04[0m DBG [1mpairing_test.go:688[0m[36m >[0m Rout.X.A0 is  878407647265662166451592480210928918972854228601458214696047158492237195381
[90m16:37:04[0m DBG [1mpairing_test.go:690[0m[36m >[0m ell is  3404849333573601258327346191417357009575101613283713127538460215548407246811
[90m16:37:04[0m DBG [1mpairing_test.go:691[0m[36m >[0m ell2 is  17190279153907861943413939507738302546376701504330811730897629689167190323946
[90m16:37:04[0m DBG [1mpairing_test.go:692[0m[36m >[0m bit is  1
idx ==============  61
[90m16:37:04[0m DBG constraint system solver done [36mnbConstraints=[0m177 [36mtook=[0m0.089375
[90m16:37:04[0m DBG [1mpairing_test.go:687[0m[36m >[0m Rmid.X.A0 in circuit is  6358665866633530110089315221180209070577836178001736551821480111486607351791
[90m16:37:04[0m DBG [1mpairing_test.go:688[0m[36m >[0m Rout.X.A0 is  6358665866633530110089315221180209070577836178001736551821480111486607351791
[90m16:37:04[0m DBG [1mpairing_test.go:690[0m[36m >[0m ell is  19247569417633435838509228319462693501540168519984199337580500976449393217285
[90m16:37:04[0m DBG [1mpairing_test.go:691[0m[36m >[0m ell2 is  19247569417633435838509228319462693501540168519984199337580500976449393217285
[90m16:37:04[0m DBG [1mpairing_test.go:692[0m[36m >[0m bit is  0
idx ==============  62
[90m16:37:04[0m DBG constraint system solver done [36mnbConstraints=[0m177 [36mtook=[0m0.038834
[90m16:37:04[0m DBG [1mpairing_test.go:687[0m[36m >[0m Rmid.X.A0 in circuit is  5798706799832205877596356185248391725783474029291854873318378553013720572178
[90m16:37:04[0m DBG [1mpairing_test.go:688[0m[36m >[0m Rout.X.A0 is  5798706799832205877596356185248391725783474029291854873318378553013720572178
[90m16:37:04[0m DBG [1mpairing_test.go:690[0m[36m >[0m ell is  7504984712001027919725252660163874259570143103100465851513831905008815571697
[90m16:37:04[0m DBG [1mpairing_test.go:691[0m[36m >[0m ell2 is  7504984712001027919725252660163874259570143103100465851513831905008815571697
[90m16:37:04[0m DBG [1mpairing_test.go:692[0m[36m >[0m bit is  0
idx ==============  63
[90m16:37:04[0m DBG constraint system solver done [36mnbConstraints=[0m177 [36mtook=[0m0.042792
[90m16:37:04[0m DBG [1mpairing_test.go:687[0m[36m >[0m Rmid.X.A0 in circuit is  18042550964974865771386373974911938753057100924091157232284782528815434746845
[90m16:37:04[0m DBG [1mpairing_test.go:688[0m[36m >[0m Rout.X.A0 is  18042550964974865771386373974911938753057100924091157232284782528815434746845
[90m16:37:04[0m DBG [1mpairing_test.go:690[0m[36m >[0m ell is  15322803595883963605636146425857363181331967306130224314586081949159165994709
[90m16:37:04[0m DBG [1mpairing_test.go:691[0m[36m >[0m ell2 is  15322803595883963605636146425857363181331967306130224314586081949159165994709
[90m16:37:04[0m DBG [1mpairing_test.go:692[0m[36m >[0m bit is  0
The result val1 is equal
The result val2 is equal
The result val3 is equal
PASS
ok  	github.com/arithmic/jolt/jolt-on-chain/circuits/circuits/algebra/native/bn254/pairing	0.406s
